0 info it worked if it ends with ok
1 verbose cli [ '/home/vlad/.nvm/versions/node/v7.7.4/bin/node',
1 verbose cli   '/home/vlad/.nvm/versions/node/v7.7.4/bin/npm',
1 verbose cli   'start',
1 verbose cli   'watch' ]
2 info using npm@4.1.2
3 info using node@v7.7.4
4 verbose run-script [ 'prestart', 'start', 'poststart' ]
5 info lifecycle scrobblerbot@1.0.0~prestart: scrobblerbot@1.0.0
6 silly lifecycle scrobblerbot@1.0.0~prestart: no script for prestart, continuing
7 info lifecycle scrobblerbot@1.0.0~start: scrobblerbot@1.0.0
8 verbose lifecycle scrobblerbot@1.0.0~start: unsafe-perm in lifecycle true
9 verbose lifecycle scrobblerbot@1.0.0~start: PATH: /home/vlad/.nvm/versions/node/v7.7.4/lib/node_modules/npm/bin/node-gyp-bin:/media/files/works/bots/scrobblerBot/node_modules/.bin:/home/vlad/.nvm/versions/node/v7.7.4/bin:/home/vlad/bin:/home/vlad/.local/bin:/usr/local/sbin:/usr/local/bin:/usr/sbin:/usr/bin:/sbin:/bin:/usr/games:/usr/local/games
10 verbose lifecycle scrobblerbot@1.0.0~start: CWD: /media/files/works/bots/scrobblerBot
11 silly lifecycle scrobblerbot@1.0.0~start: Args: [ '-c', 'NODE_ENV=production node server.js "watch"' ]
12 silly lifecycle scrobblerbot@1.0.0~start: Returned: code: 1  signal: null
13 info lifecycle scrobblerbot@1.0.0~start: Failed to exec start script
14 verbose stack Error: scrobblerbot@1.0.0 start: `NODE_ENV=production node server.js "watch"`
14 verbose stack Exit status 1
14 verbose stack     at EventEmitter.<anonymous> (/home/vlad/.nvm/versions/node/v7.7.4/lib/node_modules/npm/lib/utils/lifecycle.js:279:16)
14 verbose stack     at emitTwo (events.js:106:13)
14 verbose stack     at EventEmitter.emit (events.js:194:7)
14 verbose stack     at ChildProcess.<anonymous> (/home/vlad/.nvm/versions/node/v7.7.4/lib/node_modules/npm/lib/utils/spawn.js:40:14)
14 verbose stack     at emitTwo (events.js:106:13)
14 verbose stack     at ChildProcess.emit (events.js:194:7)
14 verbose stack     at maybeClose (internal/child_process.js:899:16)
14 verbose stack     at Process.ChildProcess._handle.onexit (internal/child_process.js:226:5)
15 verbose pkgid scrobblerbot@1.0.0
16 verbose cwd /media/files/works/bots/scrobblerBot
17 error Linux 4.4.0-66-generic
18 error argv "/home/vlad/.nvm/versions/node/v7.7.4/bin/node" "/home/vlad/.nvm/versions/node/v7.7.4/bin/npm" "start" "watch"
19 error node v7.7.4
20 error npm  v4.1.2
21 error code ELIFECYCLE
22 error scrobblerbot@1.0.0 start: `NODE_ENV=production node server.js "watch"`
22 error Exit status 1
23 error Failed at the scrobblerbot@1.0.0 start script 'NODE_ENV=production node server.js "watch"'.
23 error Make sure you have the latest version of node.js and npm installed.
23 error If you do, this is most likely a problem with the scrobblerbot package,
23 error not with npm itself.
23 error Tell the author that this fails on your system:
23 error     NODE_ENV=production node server.js "watch"
23 error You can get information on how to open an issue for this project with:
23 error     npm bugs scrobblerbot
23 error Or if that isn't available, you can get their info via:
23 error     npm owner ls scrobblerbot
23 error There is likely additional logging output above.
24 verbose exit [ 1, true ]
